<?xml version="1.0" encoding="UTF-8"?>
<coverage generated="1777568791414" clover="3.2.0">
  <project timestamp="1777568791414" name="All files">
    <metrics statements="266" coveredstatements="207" conditionals="110" coveredconditionals="68" methods="44" coveredmethods="30" elements="420" coveredelements="305" complexity="0" loc="266" ncloc="266" packages="4" files="12" classes="12"/>
    <package name="backend">
      <metrics statements="81" coveredstatements="77" conditionals="27" coveredconditionals="23" methods="11" coveredmethods="9"/>
      <file name="constants.js" path="D:\prmtwar4\backend\constants.js">
        <metrics statements="21" coveredstatements="21" conditionals="0" coveredconditionals="0" methods="0" coveredmethods="0"/>
        <line num="9" count="5" type="stmt"/>
        <line num="12" count="5" type="stmt"/>
        <line num="15" count="5" type="stmt"/>
        <line num="18" count="5" type="stmt"/>
        <line num="21" count="5" type="stmt"/>
        <line num="24" count="5" type="stmt"/>
        <line num="27" count="5" type="stmt"/>
        <line num="30" count="5" type="stmt"/>
        <line num="33" count="5" type="stmt"/>
        <line num="36" count="5" type="stmt"/>
        <line num="39" count="5" type="stmt"/>
        <line num="42" count="5" type="stmt"/>
        <line num="45" count="5" type="stmt"/>
        <line num="48" count="5" type="stmt"/>
        <line num="51" count="5" type="stmt"/>
        <line num="54" count="5" type="stmt"/>
        <line num="57" count="5" type="stmt"/>
        <line num="60" count="5" type="stmt"/>
        <line num="63" count="5" type="stmt"/>
        <line num="72" count="5" type="stmt"/>
        <line num="87" count="5" type="stmt"/>
      </file>
      <file name="server.js" path="D:\prmtwar4\backend\server.js">
        <metrics statements="46" coveredstatements="42" conditionals="10" coveredconditionals="6" methods="7" coveredmethods="5"/>
        <line num="12" count="2" type="stmt"/>
        <line num="13" count="2" type="stmt"/>
        <line num="14" count="2" type="stmt"/>
        <line num="15" count="2" type="stmt"/>
        <line num="16" count="2" type="stmt"/>
        <line num="17" count="2" type="stmt"/>
        <line num="19" count="2" type="stmt"/>
        <line num="29" count="2" type="stmt"/>
        <line num="31" count="2" type="stmt"/>
        <line num="32" count="2" type="cond" truecount="1" falsecount="1"/>
        <line num="35" count="2" type="stmt"/>
        <line num="36" count="2" type="stmt"/>
        <line num="49" count="2" type="stmt"/>
        <line num="54" count="2" type="stmt"/>
        <line num="57" count="2" type="stmt"/>
        <line num="58" count="60" type="stmt"/>
        <line num="59" count="60" type="stmt"/>
        <line num="60" count="60" type="stmt"/>
        <line num="61" count="60" type="stmt"/>
        <line num="62" count="60" type="cond" truecount="1" falsecount="1"/>
        <line num="63" count="60" type="stmt"/>
        <line num="65" count="60" type="stmt"/>
        <line num="67" count="60" type="stmt"/>
        <line num="71" count="2" type="stmt"/>
        <line num="78" count="2" type="stmt"/>
        <line num="81" count="2" type="stmt"/>
        <line num="87" count="2" type="stmt"/>
        <line num="88" count="9" type="stmt"/>
        <line num="98" count="2" type="stmt"/>
        <line num="99" count="1" type="stmt"/>
        <line num="103" count="2" type="stmt"/>
        <line num="104" count="2" type="stmt"/>
        <line num="105" count="2" type="stmt"/>
        <line num="107" count="2" type="stmt"/>
        <line num="108" count="2" type="stmt"/>
        <line num="109" count="2" type="stmt"/>
        <line num="110" count="2" type="stmt"/>
        <line num="113" count="2" type="stmt"/>
        <line num="114" count="3" type="stmt"/>
        <line num="118" count="2" type="stmt"/>
        <line num="119" count="0" type="stmt"/>
        <line num="120" count="0" type="stmt"/>
        <line num="126" count="2" type="cond" truecount="1" falsecount="1"/>
        <line num="127" count="0" type="stmt"/>
        <line num="128" count="0" type="stmt"/>
        <line num="132" count="2" type="stmt"/>
      </file>
      <file name="utils.js" path="D:\prmtwar4\backend\utils.js">
        <metrics statements="14" coveredstatements="14" conditionals="17" coveredconditionals="17" methods="4" coveredmethods="4"/>
        <line num="5" count="3" type="stmt"/>
        <line num="6" count="3" type="stmt"/>
        <line num="9" count="3" type="stmt"/>
        <line num="12" count="3" type="stmt"/>
        <line num="20" count="22" type="cond" truecount="4" falsecount="0"/>
        <line num="21" count="18" type="stmt"/>
        <line num="34" count="20" type="cond" truecount="4" falsecount="0"/>
        <line num="35" count="16" type="cond" truecount="2" falsecount="0"/>
        <line num="36" count="15" type="cond" truecount="2" falsecount="0"/>
        <line num="37" count="14" type="stmt"/>
        <line num="47" count="18" type="cond" truecount="2" falsecount="0"/>
        <line num="48" count="6" type="stmt"/>
        <line num="58" count="11" type="stmt"/>
        <line num="64" count="3" type="stmt"/>
      </file>
    </package>
    <package name="backend.middleware">
      <metrics statements="40" coveredstatements="39" conditionals="23" coveredconditionals="21" methods="11" coveredmethods="10"/>
      <file name="cache.js" path="D:\prmtwar4\backend\middleware\cache.js">
        <metrics statements="24" coveredstatements="24" conditionals="5" coveredconditionals="3" methods="8" coveredmethods="8"/>
        <line num="6" count="3" type="stmt"/>
        <line num="7" count="3" type="stmt"/>
        <line num="12" count="3" type="stmt"/>
        <line num="15" count="3" type="stmt"/>
        <line num="28" count="4" type="stmt"/>
        <line num="29" count="6" type="cond" truecount="1" falsecount="1"/>
        <line num="31" count="6" type="stmt"/>
        <line num="32" count="6" type="stmt"/>
        <line num="34" count="6" type="cond" truecount="2" falsecount="0"/>
        <line num="35" count="5" type="stmt"/>
        <line num="36" count="5" type="stmt"/>
        <line num="39" count="1" type="stmt"/>
        <line num="40" count="1" type="stmt"/>
        <line num="41" count="1" type="stmt"/>
        <line num="42" count="1" type="stmt"/>
        <line num="43" count="1" type="stmt"/>
        <line num="45" count="1" type="stmt"/>
        <line num="55" count="25" type="stmt"/>
        <line num="64" count="18" type="stmt"/>
        <line num="73" count="7" type="stmt"/>
        <line num="81" count="8" type="stmt"/>
        <line num="89" count="1" type="stmt"/>
        <line num="90" count="1" type="stmt"/>
        <line num="97" count="3" type="stmt"/>
      </file>
      <file name="security.js" path="D:\prmtwar4\backend\middleware\security.js">
        <metrics statements="16" coveredstatements="15" conditionals="18" coveredconditionals="18" methods="3" coveredmethods="2"/>
        <line num="7" count="2" type="stmt"/>
        <line num="16" count="2" type="stmt"/>
        <line num="24" count="2" type="stmt"/>
        <line num="29" count="25" type="cond" truecount="2" falsecount="0"/>
        <line num="31" count="0" type="stmt"/>
        <line num="47" count="25" type="stmt"/>
        <line num="50" count="25" type="cond" truecount="5" falsecount="0"/>
        <line num="51" count="6" type="stmt"/>
        <line num="57" count="19" type="cond" truecount="2" falsecount="0"/>
        <line num="58" count="2" type="stmt"/>
        <line num="64" count="17" type="cond" truecount="4" falsecount="0"/>
        <line num="65" count="4" type="stmt"/>
        <line num="71" count="13" type="cond" truecount="5" falsecount="0"/>
        <line num="72" count="2" type="stmt"/>
        <line num="77" count="11" type="stmt"/>
        <line num="80" count="2" type="stmt"/>
      </file>
    </package>
    <package name="backend.routes">
      <metrics statements="63" coveredstatements="51" conditionals="18" coveredconditionals="13" methods="9" coveredmethods="7"/>
      <file name="aiRoutes.js" path="D:\prmtwar4\backend\routes\aiRoutes.js">
        <metrics statements="30" coveredstatements="22" conditionals="6" coveredconditionals="2" methods="2" coveredmethods="1"/>
        <line num="6" count="2" type="stmt"/>
        <line num="8" count="2" type="stmt"/>
        <line num="9" count="2" type="stmt"/>
        <line num="10" count="2" type="stmt"/>
        <line num="11" count="2" type="stmt"/>
        <line num="12" count="2" type="stmt"/>
        <line num="13" count="2" type="stmt"/>
        <line num="14" count="2" type="stmt"/>
        <line num="15" count="2" type="stmt"/>
        <line num="29" count="2" type="stmt"/>
        <line num="30" count="11" type="stmt"/>
        <line num="31" count="11" type="stmt"/>
        <line num="34" count="11" type="stmt"/>
        <line num="36" count="11" type="cond" truecount="1" falsecount="1"/>
        <line num="37" count="0" type="stmt"/>
        <line num="43" count="11" type="stmt"/>
        <line num="44" count="11" type="cond" truecount="1" falsecount="1"/>
        <line num="45" count="0" type="stmt"/>
        <line num="46" count="0" type="stmt"/>
        <line num="50" count="11" type="stmt"/>
        <line num="52" count="11" type="stmt"/>
        <line num="53" count="11" type="stmt"/>
        <line num="56" count="0" type="stmt"/>
        <line num="59" count="0" type="stmt"/>
        <line num="60" count="0" type="stmt"/>
        <line num="68" count="0" type="stmt"/>
        <line num="69" count="0" type="stmt"/>
        <line num="71" count="11" type="stmt"/>
        <line num="72" count="11" type="stmt"/>
        <line num="79" count="2" type="stmt"/>
      </file>
      <file name="healthRoutes.js" path="D:\prmtwar4\backend\routes\healthRoutes.js">
        <metrics statements="13" coveredstatements="9" conditionals="2" coveredconditionals="1" methods="2" coveredmethods="1"/>
        <line num="6" count="2" type="stmt"/>
        <line num="8" count="2" type="stmt"/>
        <line num="9" count="2" type="stmt"/>
        <line num="10" count="2" type="stmt"/>
        <line num="11" count="2" type="stmt"/>
        <line num="18" count="2" type="stmt"/>
        <line num="19" count="6" type="stmt"/>
        <line num="34" count="2" type="stmt"/>
        <line num="35" count="0" type="stmt"/>
        <line num="36" count="0" type="stmt"/>
        <line num="37" count="0" type="stmt"/>
        <line num="39" count="0" type="stmt"/>
        <line num="45" count="2" type="stmt"/>
      </file>
      <file name="quizRoutes.js" path="D:\prmtwar4\backend\routes\quizRoutes.js">
        <metrics statements="20" coveredstatements="20" conditionals="10" coveredconditionals="10" methods="5" coveredmethods="5"/>
        <line num="6" count="2" type="stmt"/>
        <line num="8" count="2" type="stmt"/>
        <line num="9" count="2" type="stmt"/>
        <line num="10" count="2" type="stmt"/>
        <line num="21" count="2" type="stmt"/>
        <line num="60" count="2" type="stmt"/>
        <line num="61" count="1" type="stmt"/>
        <line num="62" count="5" type="stmt"/>
        <line num="73" count="2" type="stmt"/>
        <line num="74" count="10" type="stmt"/>
        <line num="76" count="10" type="cond" truecount="4" falsecount="0"/>
        <line num="77" count="3" type="stmt"/>
        <line num="82" count="7" type="stmt"/>
        <line num="83" count="7" type="stmt"/>
        <line num="84" count="60" type="stmt"/>
        <line num="85" count="35" type="cond" truecount="2" falsecount="0"/>
        <line num="86" count="35" type="cond" truecount="2" falsecount="0"/>
        <line num="87" count="35" type="stmt"/>
        <line num="94" count="7" type="stmt"/>
        <line num="102" count="2" type="stmt"/>
      </file>
    </package>
    <package name="backend.services">
      <metrics statements="82" coveredstatements="40" conditionals="42" coveredconditionals="11" methods="13" coveredmethods="4"/>
      <file name="aiService.js" path="D:\prmtwar4\backend\services\aiService.js">
        <metrics statements="27" coveredstatements="20" conditionals="17" coveredconditionals="8" methods="2" coveredmethods="2"/>
        <line num="7" count="2" type="stmt"/>
        <line num="8" count="2" type="stmt"/>
        <line num="9" count="2" type="stmt"/>
        <line num="10" count="2" type="stmt"/>
        <line num="13" count="2" type="cond" truecount="1" falsecount="1"/>
        <line num="14" count="2" type="stmt"/>
        <line num="15" count="2" type="cond" truecount="1" falsecount="1"/>
        <line num="16" count="2" type="cond" truecount="1" falsecount="1"/>
        <line num="17" count="0" type="stmt"/>
        <line num="22" count="0" type="stmt"/>
        <line num="27" count="2" type="cond" truecount="1" falsecount="1"/>
        <line num="30" count="2" type="stmt"/>
        <line num="43" count="2" type="cond" truecount="2" falsecount="1"/>
        <line num="44" count="11" type="stmt"/>
        <line num="45" count="11" type="stmt"/>
        <line num="47" count="11" type="stmt"/>
        <line num="57" count="11" type="stmt"/>
        <line num="58" count="2" type="stmt"/>
        <line num="67" count="11" type="stmt"/>
        <line num="68" count="0" type="stmt"/>
        <line num="69" count="0" type="stmt"/>
        <line num="72" count="0" type="cond" truecount="0" falsecount="4"/>
        <line num="73" count="0" type="stmt"/>
        <line num="81" count="0" type="stmt"/>
        <line num="83" count="11" type="stmt"/>
        <line num="84" count="11" type="stmt"/>
        <line num="88" count="2" type="stmt"/>
      </file>
      <file name="analytics.js" path="D:\prmtwar4\backend\services\analytics.js">
        <metrics statements="25" coveredstatements="5" conditionals="14" coveredconditionals="0" methods="3" coveredmethods="0"/>
        <line num="6" count="2" type="stmt"/>
        <line num="7" count="2" type="stmt"/>
        <line num="8" count="2" type="stmt"/>
        <line num="11" count="2" type="stmt"/>
        <line num="19" count="0" type="cond" truecount="0" falsecount="2"/>
        <line num="20" count="0" type="stmt"/>
        <line num="21" count="0" type="stmt"/>
        <line num="22" count="0" type="stmt"/>
        <line num="26" count="0" type="stmt"/>
        <line num="28" count="0" type="stmt"/>
        <line num="43" count="0" type="stmt"/>
        <line num="44" count="0" type="cond" truecount="0" falsecount="2"/>
        <line num="46" count="0" type="stmt"/>
        <line num="57" count="0" type="stmt"/>
        <line num="58" count="0" type="stmt"/>
        <line num="60" count="0" type="stmt"/>
        <line num="70" count="0" type="stmt"/>
        <line num="71" count="0" type="cond" truecount="0" falsecount="2"/>
        <line num="73" count="0" type="stmt"/>
        <line num="85" count="0" type="stmt"/>
        <line num="86" count="0" type="stmt"/>
        <line num="87" count="0" type="stmt"/>
        <line num="89" count="0" type="stmt"/>
        <line num="90" count="0" type="stmt"/>
        <line num="94" count="2" type="stmt"/>
      </file>
      <file name="logger.js" path="D:\prmtwar4\backend\services\logger.js">
        <metrics statements="25" coveredstatements="15" conditionals="11" coveredconditionals="3" methods="7" coveredmethods="2"/>
        <line num="6" count="2" type="stmt"/>
        <line num="9" count="2" type="stmt"/>
        <line num="17" count="22" type="cond" truecount="2" falsecount="0"/>
        <line num="18" count="2" type="stmt"/>
        <line num="19" count="2" type="stmt"/>
        <line num="20" count="2" type="stmt"/>
        <line num="21" count="2" type="stmt"/>
        <line num="25" count="2" type="stmt"/>
        <line num="33" count="2" type="stmt"/>
        <line num="40" count="0" type="stmt"/>
        <line num="41" count="0" type="cond" truecount="0" falsecount="2"/>
        <line num="42" count="0" type="stmt"/>
        <line num="46" count="0" type="stmt"/>
        <line num="48" count="0" type="stmt"/>
        <line num="57" count="22" type="stmt"/>
        <line num="58" count="22" type="cond" truecount="1" falsecount="1"/>
        <line num="59" count="22" type="stmt"/>
        <line num="63" count="22" type="stmt"/>
        <line num="65" count="22" type="stmt"/>
        <line num="74" count="0" type="stmt"/>
        <line num="75" count="0" type="cond" truecount="0" falsecount="2"/>
        <line num="76" count="0" type="stmt"/>
        <line num="80" count="0" type="stmt"/>
        <line num="82" count="0" type="stmt"/>
        <line num="86" count="2" type="stmt"/>
      </file>
      <file name="secrets.js" path="D:\prmtwar4\backend\services\secrets.js">
        <metrics statements="5" coveredstatements="0" conditionals="0" coveredconditionals="0" methods="1" coveredmethods="0"/>
        <line num="14" count="0" type="stmt"/>
        <line num="15" count="0" type="stmt"/>
        <line num="16" count="0" type="stmt"/>
        <line num="19" count="0" type="stmt"/>
        <line num="22" count="0" type="stmt"/>
      </file>
    </package>
  </project>
</coverage>
