TN:
SF:constants.js
FNF:0
FNH:0
DA:9,5
DA:12,5
DA:15,5
DA:18,5
DA:21,5
DA:24,5
DA:27,5
DA:30,5
DA:33,5
DA:36,5
DA:39,5
DA:42,5
DA:45,5
DA:48,5
DA:51,5
DA:54,5
DA:57,5
DA:60,5
DA:63,5
DA:72,5
DA:87,5
LF:21
LH:21
BRF:0
BRH:0
end_of_record
TN:
SF:server.js
FN:57,(anonymous_0)
FN:60,(anonymous_1)
FN:87,(anonymous_2)
FN:98,(anonymous_3)
FN:113,(anonymous_4)
FN:118,(anonymous_5)
FN:127,(anonymous_6)
FNF:7
FNH:5
FNDA:60,(anonymous_0)
FNDA:60,(anonymous_1)
FNDA:9,(anonymous_2)
FNDA:1,(anonymous_3)
FNDA:3,(anonymous_4)
FNDA:0,(anonymous_5)
FNDA:0,(anonymous_6)
DA:12,2
DA:13,2
DA:14,2
DA:15,2
DA:16,2
DA:17,2
DA:19,2
DA:29,2
DA:31,2
DA:32,2
DA:35,2
DA:36,2
DA:49,2
DA:54,2
DA:57,2
DA:58,60
DA:59,60
DA:60,60
DA:61,60
DA:62,60
DA:63,60
DA:65,60
DA:67,60
DA:71,2
DA:78,2
DA:81,2
DA:87,2
DA:88,9
DA:98,2
DA:99,1
DA:103,2
DA:104,2
DA:105,2
DA:107,2
DA:108,2
DA:109,2
DA:110,2
DA:113,2
DA:114,3
DA:118,2
DA:119,0
DA:120,0
DA:126,2
DA:127,0
DA:128,0
DA:132,2
LF:46
LH:42
BRDA:32,0,0,2
BRDA:32,0,1,0
BRDA:50,1,0,2
BRDA:50,1,1,2
BRDA:62,2,0,60
BRDA:62,2,1,0
BRDA:92,3,0,9
BRDA:92,3,1,0
BRDA:126,4,0,0
BRDA:126,4,1,2
BRF:10
BRH:6
end_of_record
TN:
SF:utils.js
FN:19,sanitizePrompt
FN:33,validateElectionQuery
FN:46,truncateHistory
FN:57,hashPrompt
FNF:4
FNH:4
FNDA:22,sanitizePrompt
FNDA:20,validateElectionQuery
FNDA:18,truncateHistory
FNDA:11,hashPrompt
DA:5,3
DA:6,3
DA:9,3
DA:12,3
DA:20,22
DA:21,18
DA:34,20
DA:35,16
DA:36,15
DA:37,14
DA:47,18
DA:48,6
DA:58,11
DA:64,3
LF:14
LH:14
BRDA:20,0,0,4
BRDA:20,0,1,18
BRDA:20,1,0,22
BRDA:20,1,1,19
BRDA:34,2,0,4
BRDA:34,2,1,16
BRDA:34,3,0,20
BRDA:34,3,1,17
BRDA:35,4,0,1
BRDA:35,4,1,15
BRDA:36,5,0,1
BRDA:36,5,1,14
BRDA:46,6,0,16
BRDA:47,7,0,12
BRDA:47,7,1,6
BRDA:60,8,0,11
BRDA:60,8,1,2
BRF:17
BRH:17
end_of_record
TN:
SF:middleware\cache.js
FN:27,cacheMiddleware
FN:28,(anonymous_1)
FN:40,(anonymous_2)
FN:54,hashPrompt
FN:63,getCachedResponse
FN:72,setCachedResponse
FN:80,clearCache
FN:88,getCacheStats
FNF:8
FNH:8
FNDA:4,cacheMiddleware
FNDA:6,(anonymous_1)
FNDA:1,(anonymous_2)
FNDA:25,hashPrompt
FNDA:18,getCachedResponse
FNDA:7,setCachedResponse
FNDA:8,clearCache
FNDA:1,getCacheStats
DA:6,3
DA:7,3
DA:12,3
DA:15,3
DA:28,4
DA:29,6
DA:31,6
DA:32,6
DA:34,6
DA:35,5
DA:36,5
DA:39,1
DA:40,1
DA:41,1
DA:42,1
DA:43,1
DA:45,1
DA:55,25
DA:64,18
DA:73,7
DA:81,8
DA:89,1
DA:90,1
DA:97,3
LF:24
LH:24
BRDA:27,0,0,0
BRDA:29,1,0,0
BRDA:29,1,1,6
BRDA:34,2,0,5
BRDA:34,2,1,1
BRF:5
BRH:3
end_of_record
TN:
SF:middleware\security.js
FN:29,(anonymous_0)
FN:30,(anonymous_1)
FN:46,validateChatInput
FNF:3
FNH:2
FNDA:25,(anonymous_0)
FNDA:0,(anonymous_1)
FNDA:25,validateChatInput
DA:7,2
DA:16,2
DA:24,2
DA:29,25
DA:31,0
DA:47,25
DA:50,25
DA:51,6
DA:57,19
DA:58,2
DA:64,17
DA:65,4
DA:71,13
DA:72,2
DA:77,11
DA:80,2
LF:16
LH:15
BRDA:29,0,0,25
BRDA:29,0,1,25
BRDA:50,1,0,6
BRDA:50,1,1,19
BRDA:50,2,0,25
BRDA:50,2,1,21
BRDA:50,2,2,20
BRDA:57,3,0,2
BRDA:57,3,1,17
BRDA:64,4,0,4
BRDA:64,4,1,13
BRDA:64,5,0,17
BRDA:64,5,1,6
BRDA:71,6,0,2
BRDA:71,6,1,11
BRDA:71,7,0,13
BRDA:71,7,1,4
BRDA:71,7,2,3
BRF:18
BRH:18
end_of_record
TN:
SF:routes\aiRoutes.js
FN:29,(anonymous_0)
FN:66,(anonymous_1)
FNF:2
FNH:1
FNDA:11,(anonymous_0)
FNDA:0,(anonymous_1)
DA:6,2
DA:8,2
DA:9,2
DA:10,2
DA:11,2
DA:12,2
DA:13,2
DA:14,2
DA:15,2
DA:29,2
DA:30,11
DA:31,11
DA:34,11
DA:36,11
DA:37,0
DA:43,11
DA:44,11
DA:45,0
DA:46,0
DA:50,11
DA:52,11
DA:53,11
DA:56,0
DA:59,0
DA:60,0
DA:68,0
DA:69,0
DA:71,11
DA:72,11
DA:79,2
LF:30
LH:22
BRDA:36,0,0,0
BRDA:36,0,1,11
BRDA:44,1,0,0
BRDA:44,1,1,11
BRDA:65,2,0,0
BRDA:65,2,1,0
BRF:6
BRH:2
end_of_record
TN:
SF:routes\healthRoutes.js
FN:18,(anonymous_0)
FN:34,(anonymous_1)
FNF:2
FNH:1
FNDA:6,(anonymous_0)
FNDA:0,(anonymous_1)
DA:6,2
DA:8,2
DA:9,2
DA:10,2
DA:11,2
DA:18,2
DA:19,6
DA:34,2
DA:35,0
DA:36,0
DA:37,0
DA:39,0
DA:45,2
LF:13
LH:9
BRDA:23,0,0,6
BRDA:23,0,1,0
BRF:2
BRH:1
end_of_record
TN:
SF:routes\quizRoutes.js
FN:60,(anonymous_0)
FN:62,(anonymous_1)
FN:73,(anonymous_2)
FN:83,(anonymous_3)
FN:84,(anonymous_4)
FNF:5
FNH:5
FNDA:1,(anonymous_0)
FNDA:5,(anonymous_1)
FNDA:10,(anonymous_2)
FNDA:35,(anonymous_3)
FNDA:60,(anonymous_4)
DA:6,2
DA:8,2
DA:9,2
DA:10,2
DA:21,2
DA:60,2
DA:61,1
DA:62,5
DA:73,2
DA:74,10
DA:76,10
DA:77,3
DA:82,7
DA:83,7
DA:84,60
DA:85,35
DA:86,35
DA:87,35
DA:94,7
DA:102,2
LF:20
LH:20
BRDA:76,0,0,3
BRDA:76,0,1,7
BRDA:76,1,0,10
BRDA:76,1,1,8
BRDA:85,2,0,35
BRDA:85,2,1,18
BRDA:86,3,0,10
BRDA:86,3,1,25
BRDA:90,4,0,10
BRDA:90,4,1,25
BRF:10
BRH:10
end_of_record
TN:
SF:services\aiService.js
FN:43,(anonymous_0)
FN:58,(anonymous_1)
FNF:2
FNH:2
FNDA:11,(anonymous_0)
FNDA:2,(anonymous_1)
DA:7,2
DA:8,2
DA:9,2
DA:10,2
DA:13,2
DA:14,2
DA:15,2
DA:16,2
DA:17,0
DA:22,0
DA:27,2
DA:30,2
DA:43,2
DA:44,11
DA:45,11
DA:47,11
DA:57,11
DA:58,2
DA:67,11
DA:68,0
DA:69,0
DA:72,0
DA:73,0
DA:81,0
DA:83,11
DA:84,11
DA:88,2
LF:27
LH:20
BRDA:13,0,0,2
BRDA:13,0,1,0
BRDA:15,1,0,2
BRDA:15,1,1,0
BRDA:16,2,0,0
BRDA:16,2,1,2
BRDA:27,3,0,0
BRDA:27,3,1,2
BRDA:43,4,0,0
BRDA:43,5,0,11
BRDA:43,6,0,9
BRDA:59,7,0,1
BRDA:59,7,1,1
BRDA:72,8,0,0
BRDA:72,8,1,0
BRDA:72,9,0,0
BRDA:72,9,1,0
BRF:17
BRH:8
end_of_record
TN:
SF:services\analytics.js
FN:18,getBigQueryClient
FN:42,logChatEvent
FN:69,getUsageStats
FNF:3
FNH:0
FNDA:0,getBigQueryClient
FNDA:0,logChatEvent
FNDA:0,getUsageStats
DA:6,2
DA:7,2
DA:8,2
DA:11,2
DA:19,0
DA:20,0
DA:21,0
DA:22,0
DA:26,0
DA:28,0
DA:43,0
DA:44,0
DA:46,0
DA:57,0
DA:58,0
DA:60,0
DA:70,0
DA:71,0
DA:73,0
DA:85,0
DA:86,0
DA:87,0
DA:89,0
DA:90,0
DA:94,2
LF:25
LH:5
BRDA:19,0,0,0
BRDA:19,0,1,0
BRDA:44,1,0,0
BRDA:44,1,1,0
BRDA:48,2,0,0
BRDA:48,2,1,0
BRDA:49,3,0,0
BRDA:49,3,1,0
BRDA:50,4,0,0
BRDA:50,4,1,0
BRDA:52,5,0,0
BRDA:52,5,1,0
BRDA:71,6,0,0
BRDA:71,6,1,0
BRF:14
BRH:0
end_of_record
TN:
SF:services\logger.js
FN:16,getLogClient
FN:39,(anonymous_1)
FN:46,(anonymous_2)
FN:56,(anonymous_3)
FN:63,(anonymous_4)
FN:73,(anonymous_5)
FN:80,(anonymous_6)
FNF:7
FNH:2
FNDA:22,getLogClient
FNDA:0,(anonymous_1)
FNDA:0,(anonymous_2)
FNDA:22,(anonymous_3)
FNDA:0,(anonymous_4)
FNDA:0,(anonymous_5)
FNDA:0,(anonymous_6)
DA:6,2
DA:9,2
DA:17,22
DA:18,2
DA:19,2
DA:20,2
DA:21,2
DA:25,2
DA:33,2
DA:40,0
DA:41,0
DA:42,0
DA:46,0
DA:48,0
DA:57,22
DA:58,22
DA:59,22
DA:63,22
DA:65,22
DA:74,0
DA:75,0
DA:76,0
DA:80,0
DA:82,0
DA:86,2
LF:25
LH:15
BRDA:17,0,0,20
BRDA:17,0,1,2
BRDA:39,1,0,0
BRDA:41,2,0,0
BRDA:41,2,1,0
BRDA:56,3,0,0
BRDA:58,4,0,22
BRDA:58,4,1,0
BRDA:73,5,0,0
BRDA:75,6,0,0
BRDA:75,6,1,0
BRF:11
BRH:3
end_of_record
TN:
SF:services\secrets.js
FN:13,getSecret
FNF:1
FNH:0
FNDA:0,getSecret
DA:14,0
DA:15,0
DA:16,0
DA:19,0
DA:22,0
LF:5
LH:0
BRF:0
BRH:0
end_of_record
